<?xml version="1.0" encoding="UTF-8"?>
<coverage generated="1694918429538" clover="3.2.0">
  <project timestamp="1694918429538" name="All files">
    <metrics statements="20" coveredstatements="20" conditionals="16" coveredconditionals="16" methods="5" coveredmethods="5" elements="41" coveredelements="41" complexity="0" loc="20" ncloc="20" packages="3" files="3" classes="3"/>
    <package name="components.react.textField.utils">
      <metrics statements="14" coveredstatements="14" conditionals="16" coveredconditionals="16" methods="2" coveredmethods="2"/>
      <file name="validations.ts" path="/home/flix/D/astro-admin/src/components/react/textField/utils/validations.ts">
        <metrics statements="14" coveredstatements="14" conditionals="16" coveredconditionals="16" methods="2" coveredmethods="2"/>
        <line num="3" count="1" type="stmt"/>
        <line num="5" count="1" type="stmt"/>
        <line num="6" count="22" type="cond" truecount="2" falsecount="0"/>
        <line num="8" count="17" type="stmt"/>
        <line num="16" count="17" type="cond" truecount="2" falsecount="0"/>
        <line num="17" count="7" type="stmt"/>
        <line num="23" count="10" type="cond" truecount="4" falsecount="0"/>
        <line num="24" count="5" type="stmt"/>
        <line num="30" count="5" type="stmt"/>
        <line num="33" count="1" type="stmt"/>
        <line num="34" count="4" type="cond" truecount="2" falsecount="0"/>
        <line num="36" count="3" type="cond" truecount="4" falsecount="0"/>
        <line num="38" count="2" type="stmt"/>
        <line num="40" count="1" type="stmt"/>
      </file>
    </package>
    <package name="pages.api.utils.handleParams">
      <metrics statements="5" coveredstatements="5" conditionals="0" coveredconditionals="0" methods="2" coveredmethods="2"/>
      <file name="index.ts" path="/home/flix/D/astro-admin/src/pages/api/utils/handleParams/index.ts">
        <metrics statements="5" coveredstatements="5" conditionals="0" coveredconditionals="0" methods="2" coveredmethods="2"/>
        <line num="10" count="1" type="stmt"/>
        <line num="11" count="1" type="stmt"/>
        <line num="12" count="1" type="stmt"/>
        <line num="13" count="1" type="stmt"/>
        <line num="19" count="1" type="stmt"/>
      </file>
    </package>
    <package name="pages.api.utils.handleResponse">
      <metrics statements="1" coveredstatements="1" conditionals="0" coveredconditionals="0" methods="1" coveredmethods="1"/>
      <file name="index.ts" path="/home/flix/D/astro-admin/src/pages/api/utils/handleResponse/index.ts">
        <metrics statements="1" coveredstatements="1" conditionals="0" coveredconditionals="0" methods="1" coveredmethods="1"/>
        <line num="2" count="1" type="stmt"/>
      </file>
    </package>
  </project>
</coverage>
