{"E:/Dev/Projects/astro-admin/src/components/react/TextField/utils/validations.ts": {"path":"E:/Dev/Projects/astro-admin/src/components/react/TextField/utils/validations.ts","statementMap":{"0":{"start":{"line":3,"column":24},"end":{"line":3,"column":null}},"1":{"start":{"line":5,"column":26},"end":{"line":31,"column":null}},"2":{"start":{"line":6,"column":4},"end":{"line":6,"column":null}},"3":{"start":{"line":6,"column":17},"end":{"line":6,"column":null}},"4":{"start":{"line":8,"column":53},"end":{"line":14,"column":null}},"5":{"start":{"line":16,"column":4},"end":{"line":21,"column":5}},"6":{"start":{"line":17,"column":8},"end":{"line":20,"column":null}},"7":{"start":{"line":23,"column":4},"end":{"line":28,"column":5}},"8":{"start":{"line":24,"column":8},"end":{"line":27,"column":null}},"9":{"start":{"line":30,"column":4},"end":{"line":30,"column":null}},"10":{"start":{"line":33,"column":22},"end":{"line":42,"column":null}},"11":{"start":{"line":34,"column":4},"end":{"line":41,"column":null}},"12":{"start":{"line":36,"column":12},"end":{"line":36,"column":null}},"13":{"start":{"line":36,"column":64},"end":{"line":36,"column":null}},"14":{"start":{"line":38,"column":12},"end":{"line":38,"column":null}},"15":{"start":{"line":40,"column":12},"end":{"line":40,"column":null}}},"fnMap":{"0":{"name":"(anonymous_0)","decl":{"start":{"line":5,"column":26},"end":{"line":5,"column":27}},"loc":{"start":{"line":5,"column":85},"end":{"line":31,"column":null}}},"1":{"name":"(anonymous_1)","decl":{"start":{"line":33,"column":22},"end":{"line":33,"column":23}},"loc":{"start":{"line":33,"column":127},"end":{"line":42,"column":null}}}},"branchMap":{"0":{"loc":{"start":{"line":6,"column":4},"end":{"line":6,"column":null}},"type":"if","locations":[{"start":{"line":6,"column":4},"end":{"line":6,"column":null}},{"start":{"line":6,"column":4},"end":{"line":6,"column":null}}]},"1":{"loc":{"start":{"line":16,"column":4},"end":{"line":21,"column":5}},"type":"if","locations":[{"start":{"line":16,"column":4},"end":{"line":21,"column":5}},{"start":{"line":16,"column":4},"end":{"line":21,"column":5}}]},"2":{"loc":{"start":{"line":19,"column":21},"end":{"line":19,"column":null}},"type":"cond-expr","locations":[{"start":{"line":19,"column":41},"end":{"line":19,"column":61}},{"start":{"line":19,"column":61},"end":{"line":19,"column":null}}]},"3":{"loc":{"start":{"line":23,"column":4},"end":{"line":28,"column":5}},"type":"if","locations":[{"start":{"line":23,"column":4},"end":{"line":28,"column":5}},{"start":{"line":23,"column":4},"end":{"line":28,"column":5}}]},"4":{"loc":{"start":{"line":23,"column":8},"end":{"line":23,"column":33}},"type":"binary-expr","locations":[{"start":{"line":23,"column":8},"end":{"line":23,"column":18}},{"start":{"line":23,"column":18},"end":{"line":23,"column":33}}]},"5":{"loc":{"start":{"line":34,"column":4},"end":{"line":41,"column":null}},"type":"switch","locations":[{"start":{"line":35,"column":8},"end":{"line":38,"column":null}},{"start":{"line":39,"column":8},"end":{"line":40,"column":null}}]},"6":{"loc":{"start":{"line":36,"column":12},"end":{"line":36,"column":null}},"type":"if","locations":[{"start":{"line":36,"column":12},"end":{"line":36,"column":null}},{"start":{"line":36,"column":12},"end":{"line":36,"column":null}}]},"7":{"loc":{"start":{"line":36,"column":16},"end":{"line":36,"column":64}},"type":"binary-expr","locations":[{"start":{"line":36,"column":16},"end":{"line":36,"column":31}},{"start":{"line":36,"column":31},"end":{"line":36,"column":64}}]}},"s":{"0":1,"1":1,"2":22,"3":5,"4":17,"5":17,"6":7,"7":10,"8":5,"9":5,"10":1,"11":4,"12":3,"13":1,"14":2,"15":1},"f":{"0":22,"1":4},"b":{"0":[5,17],"1":[7,10],"2":[6,1],"3":[5,5],"4":[10,10],"5":[3,1],"6":[1,2],"7":[3,3]}}
}
