{"/home/flix/D/astro-admin/src/components/react/textField/utils/validations.ts": {"path":"/home/flix/D/astro-admin/src/components/react/textField/utils/validations.ts","statementMap":{"0":{"start":{"line":3,"column":24},"end":{"line":3,"column":null}},"1":{"start":{"line":5,"column":26},"end":{"line":31,"column":null}},"2":{"start":{"line":6,"column":1},"end":{"line":6,"column":null}},"3":{"start":{"line":6,"column":14},"end":{"line":6,"column":null}},"4":{"start":{"line":8,"column":50},"end":{"line":14,"column":null}},"5":{"start":{"line":16,"column":1},"end":{"line":21,"column":null}},"6":{"start":{"line":17,"column":2},"end":{"line":20,"column":null}},"7":{"start":{"line":23,"column":1},"end":{"line":28,"column":null}},"8":{"start":{"line":24,"column":2},"end":{"line":27,"column":null}},"9":{"start":{"line":30,"column":1},"end":{"line":30,"column":null}},"10":{"start":{"line":33,"column":22},"end":{"line":42,"column":null}},"11":{"start":{"line":34,"column":1},"end":{"line":41,"column":null}},"12":{"start":{"line":36,"column":2},"end":{"line":36,"column":null}},"13":{"start":{"line":36,"column":54},"end":{"line":36,"column":null}},"14":{"start":{"line":38,"column":2},"end":{"line":38,"column":null}},"15":{"start":{"line":40,"column":2},"end":{"line":40,"column":null}}},"fnMap":{"0":{"name":"(anonymous_0)","decl":{"start":{"line":5,"column":26},"end":{"line":5,"column":27}},"loc":{"start":{"line":5,"column":85},"end":{"line":31,"column":null}}},"1":{"name":"(anonymous_1)","decl":{"start":{"line":33,"column":22},"end":{"line":33,"column":23}},"loc":{"start":{"line":33,"column":127},"end":{"line":42,"column":null}}}},"branchMap":{"0":{"loc":{"start":{"line":6,"column":1},"end":{"line":6,"column":null}},"type":"if","locations":[{"start":{"line":6,"column":1},"end":{"line":6,"column":null}},{"start":{"line":6,"column":1},"end":{"line":6,"column":null}}]},"1":{"loc":{"start":{"line":16,"column":1},"end":{"line":21,"column":null}},"type":"if","locations":[{"start":{"line":16,"column":1},"end":{"line":21,"column":null}},{"start":{"line":16,"column":1},"end":{"line":21,"column":null}}]},"2":{"loc":{"start":{"line":19,"column":12},"end":{"line":19,"column":null}},"type":"cond-expr","locations":[{"start":{"line":19,"column":32},"end":{"line":19,"column":52}},{"start":{"line":19,"column":52},"end":{"line":19,"column":null}}]},"3":{"loc":{"start":{"line":23,"column":1},"end":{"line":28,"column":null}},"type":"if","locations":[{"start":{"line":23,"column":1},"end":{"line":28,"column":null}},{"start":{"line":23,"column":1},"end":{"line":28,"column":null}}]},"4":{"loc":{"start":{"line":23,"column":5},"end":{"line":23,"column":30}},"type":"binary-expr","locations":[{"start":{"line":23,"column":5},"end":{"line":23,"column":15}},{"start":{"line":23,"column":15},"end":{"line":23,"column":30}}]},"5":{"loc":{"start":{"line":34,"column":1},"end":{"line":41,"column":null}},"type":"switch","locations":[{"start":{"line":35,"column":1},"end":{"line":38,"column":null}},{"start":{"line":39,"column":1},"end":{"line":40,"column":null}}]},"6":{"loc":{"start":{"line":36,"column":2},"end":{"line":36,"column":null}},"type":"if","locations":[{"start":{"line":36,"column":2},"end":{"line":36,"column":null}},{"start":{"line":36,"column":2},"end":{"line":36,"column":null}}]},"7":{"loc":{"start":{"line":36,"column":6},"end":{"line":36,"column":54}},"type":"binary-expr","locations":[{"start":{"line":36,"column":6},"end":{"line":36,"column":21}},{"start":{"line":36,"column":21},"end":{"line":36,"column":54}}]}},"s":{"0":1,"1":1,"2":22,"3":5,"4":17,"5":17,"6":7,"7":10,"8":5,"9":5,"10":1,"11":4,"12":3,"13":1,"14":2,"15":1},"f":{"0":22,"1":4},"b":{"0":[5,17],"1":[7,10],"2":[6,1],"3":[5,5],"4":[10,10],"5":[3,1],"6":[1,2],"7":[3,3]}}
,"/home/flix/D/astro-admin/src/pages/api/utils/handleParams/index.ts": {"path":"/home/flix/D/astro-admin/src/pages/api/utils/handleParams/index.ts","statementMap":{"0":{"start":{"line":10,"column":13},"end":{"line":10,"column":null}},"1":{"start":{"line":11,"column":16},"end":{"line":11,"column":null}},"2":{"start":{"line":12,"column":18},"end":{"line":14,"column":null}},"3":{"start":{"line":13,"column":25},"end":{"line":13,"column":null}},"4":{"start":{"line":19,"column":1},"end":{"line":19,"column":null}}},"fnMap":{"0":{"name":"handleParams","decl":{"start":{"line":9,"column":16},"end":{"line":9,"column":32}},"loc":{"start":{"line":9,"column":68},"end":{"line":20,"column":null}}},"1":{"name":"(anonymous_1)","decl":{"start":{"line":13,"column":7},"end":{"line":13,"column":8}},"loc":{"start":{"line":13,"column":25},"end":{"line":13,"column":null}}}},"branchMap":{},"s":{"0":1,"1":1,"2":1,"3":1,"4":1},"f":{"0":1,"1":1},"b":{}}
,"/home/flix/D/astro-admin/src/pages/api/utils/handleResponse/index.ts": {"path":"/home/flix/D/astro-admin/src/pages/api/utils/handleResponse/index.ts","statementMap":{"0":{"start":{"line":2,"column":1},"end":{"line":12,"column":null}}},"fnMap":{"0":{"name":"handleResponse","decl":{"start":{"line":1,"column":16},"end":{"line":1,"column":34}},"loc":{"start":{"line":1,"column":101},"end":{"line":13,"column":null}}}},"branchMap":{},"s":{"0":1},"f":{"0":1},"b":{}}
}
